<?xml version="1.0" encoding="UTF-8"?>
<!-- Generated by org.testng.reporters.JUnitReportReporter -->
<testsuite skipped="0" hostname="DESKTOP-85E74HJ" name="com.flipkart.automation.homePage.TC001_VerifyLoginWithInvalidCredentials" tests="1" failures="0" timestamp="31 Jul 2017 13:34:38 GMT" time="3.625" errors="0">
  <testcase name="verifyLoginWithInvalidCredentials" time="3.625" classname="com.flipkart.automation.homePage.TC001_VerifyLoginWithInvalidCredentials"/>
</testsuite> <!-- com.flipkart.automation.homePage.TC001_VerifyLoginWithInvalidCredentials -->
