<?xml version="1.0" encoding="UTF-8"?>
<!-- Generated by org.testng.reporters.JUnitReportReporter -->
<testsuite skipped="0" hostname="DESKTOP-85E74HJ" name="siteundertest.NewTest2" tests="1" failures="0" timestamp="31 Oct 2017 13:08:55 GMT" time="4.404" errors="0">
  <testcase name="googlesearch" time="4.404" classname="siteundertest.NewTest2"/>
</testsuite> <!-- siteundertest.NewTest2 -->
